<?xml version="1.0" encoding="UTF-8"?>
<testsuite xmlns:xsi="http://www.w3.org/2001/XMLSchema-instance" xsi:noNamespaceSchemaLocation="https://maven.apache.org/surefire/maven-surefire-plugin/xsd/surefire-test-report-3.0.xsd" version="3.0" name="tests.AuthRegisterTest" time="6.916" tests="3" errors="0" skipped="0" failures="0">
  <properties>
[...]
</properties>
  <testcase name="createUniqueUser_success" classname="tests.AuthRegisterTest" time="2.604">
    <system-out><![CDATA[HTTP/1.1 200 OK
Server: nginx/1.24.0 (Ubuntu)
Date: Wed, 12 Nov 2025 18:14:08 GMT
Content-Type: application/json; charset=utf-8
Content-Length: 374
Connection: keep-alive
X-Powered-By: Express
Access-Control-Allow-Origin: *
authorization: Bearer eyJhbGciOiJIUzI1NiIsInR5cCI6IkpXVCJ9.eyJpZCI6IjY5MTRjZTcwOTg0MjcwMDAxYmRmZTA5YiIsImlhdCI6MTc2Mjk3MTI0OCwiZXhwIjoxNzYyOTcyNDQ4fQ.HM3DlHRVOZmmVqWHkkndmX19HwlbBhfqhp848vhS0eo
ETag: W/"176-UP47+09sxdjMp8zTSbeFFDP2438"

{
    "success": true,
    "user": {
        "email": "albertine.thompson@yahoo.com",
        "name": "Nicolas"
    },
    "accessToken": "Bearer eyJhbGciOiJIUzI1NiIsInR5cCI6IkpXVCJ9.eyJpZCI6IjY5MTRjZTcwOTg0MjcwMDAxYmRmZTA5YiIsImlhdCI6MTc2Mjk3MTI0OCwiZXhwIjoxNzYyOTcyNDQ4fQ.HM3DlHRVOZmmVqWHkkndmX19HwlbBhfqhp848vhS0eo",
    "refreshToken": "85a4e885fb49ebe44ef304b61579ea3026b4543d1a3ec064a401404ae769e73a9316baaf99aea417"
}
Delete user response status: 202
Delete user response body: {"success":true,"message":"User successfully removed"}
]]></system-out>
  </testcase>
  <testcase name="createUser_missingField_shouldFail" classname="tests.AuthRegisterTest" time="2.041">
    <system-out><![CDATA[HTTP/1.1 403 Forbidden
Server: nginx/1.24.0 (Ubuntu)
Date: Wed, 12 Nov 2025 18:14:10 GMT
Content-Type: application/json; charset=utf-8
Content-Length: 74
Connection: keep-alive
X-Powered-By: Express
Access-Control-Allow-Origin: *
ETag: W/"4a-EmWdisR78lCFKIQWVZ3yQkk5Ixs"

{
    "success": false,
    "message": "Email, password and name are required fields"
}
Delete user response status: 202
Delete user response body: {"success":true,"message":"User successfully removed"}
]]></system-out>
  </testcase>
  <testcase name="createExistingUser_shouldFail" classname="tests.AuthRegisterTest" time="2.237">
    <system-out><![CDATA[HTTP/1.1 403 Forbidden
Server: nginx/1.24.0 (Ubuntu)
Date: Wed, 12 Nov 2025 18:14:12 GMT
Content-Type: application/json; charset=utf-8
Content-Length: 49
Connection: keep-alive
X-Powered-By: Express
Access-Control-Allow-Origin: *
ETag: W/"31-WKEMg8zALB1Ko0WjUHi/6RBGHVc"

{
    "success": false,
    "message": "User already exists"
}
Delete user response status: 202
Delete user response body: {"success":true,"message":"User successfully removed"}
]]></system-out>
  </testcase>
</testsuite>