<?xml version="1.0" encoding="UTF-8"?>
<testsuite xmlns:xsi="http://www.w3.org/2001/XMLSchema-instance" xsi:noNamespaceSchemaLocation="https://maven.apache.org/surefire/maven-surefire-plugin/xsd/surefire-test-report-3.0.xsd" version="3.0" name="tests.OrderCreationTest" time="21.556" tests="4" errors="0" skipped="0" failures="1">
  <properties>
[...]
</properties>
  <testcase name="createOrderAuthorizedWithInvalidIngredientHash_shouldFail" classname="tests.OrderCreationTest" time="2.676">
    <system-out><![CDATA[Request method:	POST
Request URI:	https://stellarburgers.education-services.ru/api/orders
Proxy:			<none>
Request params:	<none>
Query params:	<none>
Form params:	<none>
Path params:	<none>
Headers:		Authorization=Bearer eyJhbGciOiJIUzI1NiIsInR5cCI6IkpXVCJ9.eyJpZCI6IjY5MTRjZTVhOTg0MjcwMDAxYmRmZTA4ZSIsImlhdCI6MTc2Mjk3MTIyNiwiZXhwIjoxNzYyOTcyNDI2fQ.vk3vpzUITef1jHc9l2zl0rGKSpU3PJ4AW2zWtvZ3kIE
				Accept=*/*
				Content-Type=application/json
Cookies:		<none>
Multiparts:		<none>
Body:
{
    "ingredients": [
        "invalidhash123"
    ]
}
HTTP/1.1 500 Internal Server Error
Server: nginx/1.24.0 (Ubuntu)
Date: Wed, 12 Nov 2025 18:13:46 GMT
Content-Type: text/html; charset=utf-8
Content-Length: 148
Connection: keep-alive
X-Powered-By: Express
Access-Control-Allow-Origin: *
Content-Security-Policy: default-src 'none'
X-Content-Type-Options: nosniff

<html lang="en">
  <head>
    <meta charset="utf-8"/>
    <title>Error</title>
  </head>
  <body>
    <pre>Internal Server Error</pre>
  </body>
</html>
Delete user response status: 202
Delete user response body: {"success":true,"message":"User successfully removed"}
]]></system-out>
  </testcase>
  <testcase name="createOrderWithoutAuthWithIngredients_shouldFailUnauthorized" classname="tests.OrderCreationTest" time="10.692">
    <failure message="1 expectation failed.&#10;Expected status code &lt;401&gt; but was &lt;200&gt;.&#10;" type="java.lang.AssertionError"><![CDATA[java.lang.AssertionError: 
1 expectation failed.
Expected status code <401> but was <200>.

	at java.base/jdk.internal.reflect.NativeConstructorAccessorImpl.newInstance0(Native Method)
	at java.base/jdk.internal.reflect.NativeConstructorAccessorImpl.newInstance(NativeConstructorAccessorImpl.java:62)
	at java.base/jdk.internal.reflect.DelegatingConstructorAccessorImpl.newInstance(DelegatingConstructorAccessorImpl.java:45)
	at java.base/java.lang.reflect.Constructor.newInstance(Constructor.java:490)
	at org.codehaus.groovy.reflection.CachedConstructor.invoke(CachedConstructor.java:73)
	at org.codehaus.groovy.reflection.CachedConstructor.doConstructorInvoke(CachedConstructor.java:60)
	at org.codehaus.groovy.runtime.callsite.ConstructorSite$ConstructorSiteNoUnwrap.callConstructor(ConstructorSite.java:86)
	at org.codehaus.groovy.runtime.callsite.CallSiteArray.defaultCallConstructor(CallSiteArray.java:57)
	at org.codehaus.groovy.runtime.callsite.AbstractCallSite.callConstructor(AbstractCallSite.java:263)
	at org.codehaus.groovy.runtime.callsite.AbstractCallSite.callConstructor(AbstractCallSite.java:277)
	at io.restassured.internal.ResponseSpecificationImpl$HamcrestAssertionClosure.validate(ResponseSpecificationImpl.groovy:512)
	at io.restassured.internal.ResponseSpecificationImpl$HamcrestAssertionClosure$validate$1.call(Unknown Source)
	at io.restassured.internal.ResponseSpecificationImpl.validateResponseIfRequired(ResponseSpecificationImpl.groovy:696)
	at io.restassured.internal.ResponseSpecificationImpl.this$2$validateResponseIfRequired(ResponseSpecificationImpl.groovy)
	at jdk.internal.reflect.GeneratedMethodAccessor65.invoke(Unknown Source)
	at java.base/jdk.internal.reflect.DelegatingMethodAccessorImpl.invoke(DelegatingMethodAccessorImpl.java:43)
	at java.base/java.lang.reflect.Method.invoke(Method.java:566)
	at org.codehaus.groovy.runtime.callsite.PlainObjectMetaMethodSite.doInvoke(PlainObjectMetaMethodSite.java:43)
	at org.codehaus.groovy.runtime.callsite.PogoMetaMethodSite$PogoCachedMethodSiteNoUnwrapNoCoerce.invoke(PogoMetaMethodSite.java:198)
	at org.codehaus.groovy.runtime.callsite.PogoMetaMethodSite.callCurrent(PogoMetaMethodSite.java:62)
	at org.codehaus.groovy.runtime.callsite.AbstractCallSite.callCurrent(AbstractCallSite.java:185)
	at io.restassured.internal.ResponseSpecificationImpl.statusCode(ResponseSpecificationImpl.groovy:135)
	at io.restassured.specification.ResponseSpecification$statusCode$0.callCurrent(Unknown Source)
	at io.restassured.internal.ResponseSpecificationImpl.statusCode(ResponseSpecificationImpl.groovy:143)
	at io.restassured.internal.ValidatableResponseOptionsImpl.statusCode(ValidatableResponseOptionsImpl.java:89)
	at tests.OrderCreationTest.createOrderWithoutAuthWithIngredients_shouldFailUnauthorized(OrderCreationTest.java:20)
	at java.base/jdk.internal.reflect.NativeMethodAccessorImpl.invoke0(Native Method)
	at java.base/jdk.internal.reflect.NativeMethodAccessorImpl.invoke(NativeMethodAccessorImpl.java:62)
	at java.base/jdk.internal.reflect.DelegatingMethodAccessorImpl.invoke(DelegatingMethodAccessorImpl.java:43)
	at java.base/java.lang.reflect.Method.invoke(Method.java:566)
	at org.junit.runners.model.FrameworkMethod$1.runReflectiveCall(FrameworkMethod.java:59)
	at org.junit.internal.runners.model.ReflectiveCallable.run(ReflectiveCallable.java:12)
	at org.junit.runners.model.FrameworkMethod.invokeExplosively(FrameworkMethod.java:56)
	at org.junit.internal.runners.statements.InvokeMethod.evaluate(InvokeMethod.java:17)
	at org.junit.internal.runners.statements.RunBefores.evaluate(RunBefores.java:26)
	at org.junit.internal.runners.statements.RunAfters.evaluate(RunAfters.java:27)
	at org.junit.runners.ParentRunner$3.evaluate(ParentRunner.java:306)
	at org.junit.runners.BlockJUnit4ClassRunner$1.evaluate(BlockJUnit4ClassRunner.java:100)
	at org.junit.runners.ParentRunner.runLeaf(ParentRunner.java:366)
	at org.junit.runners.BlockJUnit4ClassRunner.runChild(BlockJUnit4ClassRunner.java:103)
	at org.junit.runners.BlockJUnit4ClassRunner.runChild(BlockJUnit4ClassRunner.java:63)
	at org.junit.runners.ParentRunner$4.run(ParentRunner.java:331)
	at org.junit.runners.ParentRunner$1.schedule(ParentRunner.java:79)
	at org.junit.runners.ParentRunner.runChildren(ParentRunner.java:329)
	at org.junit.runners.ParentRunner.access$100(ParentRunner.java:66)
	at org.junit.runners.ParentRunner$2.evaluate(ParentRunner.java:293)
	at org.junit.runners.ParentRunner$3.evaluate(ParentRunner.java:306)
	at org.junit.runners.ParentRunner.run(ParentRunner.java:413)
	at org.junit.runner.JUnitCore.run(JUnitCore.java:137)
	at org.junit.runner.JUnitCore.run(JUnitCore.java:115)
	at org.junit.vintage.engine.execution.RunnerExecutor.execute(RunnerExecutor.java:42)
	at org.junit.vintage.engine.VintageTestEngine.executeAllChildren(VintageTestEngine.java:80)
	at org.junit.vintage.engine.VintageTestEngine.execute(VintageTestEngine.java:72)
	at org.junit.platform.launcher.core.EngineExecutionOrchestrator.execute(EngineExecutionOrchestrator.java:147)
	at org.junit.platform.launcher.core.EngineExecutionOrchestrator.execute(EngineExecutionOrchestrator.java:127)
	at org.junit.platform.launcher.core.EngineExecutionOrchestrator.execute(EngineExecutionOrchestrator.java:90)
	at org.junit.platform.launcher.core.EngineExecutionOrchestrator.lambda$execute$0(EngineExecutionOrchestrator.java:55)
	at org.junit.platform.launcher.core.EngineExecutionOrchestrator.withInterceptedStreams(EngineExecutionOrchestrator.java:102)
	at org.junit.platform.launcher.core.EngineExecutionOrchestrator.execute(EngineExecutionOrchestrator.java:54)
	at org.junit.platform.launcher.core.DefaultLauncher.execute(DefaultLauncher.java:114)
	at org.junit.platform.launcher.core.DefaultLauncher.execute(DefaultLauncher.java:86)
	at org.junit.platform.launcher.core.DefaultLauncherSession$DelegatingLauncher.execute(DefaultLauncherSession.java:86)
	at org.apache.maven.surefire.junitplatform.LazyLauncher.execute(LazyLauncher.java:56)
	at org.apache.maven.surefire.junitplatform.JUnitPlatformProvider.execute(JUnitPlatformProvider.java:184)
	at org.apache.maven.surefire.junitplatform.JUnitPlatformProvider.invokeAllTests(JUnitPlatformProvider.java:148)
	at org.apache.maven.surefire.junitplatform.JUnitPlatformProvider.invoke(JUnitPlatformProvider.java:122)
	at org.apache.maven.surefire.booter.ForkedBooter.runSuitesInProcess(ForkedBooter.java:385)
	at org.apache.maven.surefire.booter.ForkedBooter.execute(ForkedBooter.java:162)
	at org.apache.maven.surefire.booter.ForkedBooter.run(ForkedBooter.java:507)
	at org.apache.maven.surefire.booter.ForkedBooter.main(ForkedBooter.java:495)
]]></failure>
    <system-out><![CDATA[Request method:	POST
Request URI:	https://stellarburgers.education-services.ru/api/orders
Proxy:			<none>
Request params:	<none>
Query params:	<none>
Form params:	<none>
Path params:	<none>
Headers:		Accept=*/*
				Content-Type=application/json
Cookies:		<none>
Multiparts:		<none>
Body:
{
    "ingredients": [
        "61c0c5a71d1f82001bdaaa6d",
        "61c0c5a71d1f82001bdaaa6f",
        "61c0c5a71d1f82001bdaaa70",
        "61c0c5a71d1f82001bdaaa71",
        "61c0c5a71d1f82001bdaaa72",
        "61c0c5a71d1f82001bdaaa6e",
        "61c0c5a71d1f82001bdaaa73",
        "61c0c5a71d1f82001bdaaa74",
        "61c0c5a71d1f82001bdaaa6c",
        "61c0c5a71d1f82001bdaaa75",
        "61c0c5a71d1f82001bdaaa76",
        "61c0c5a71d1f82001bdaaa77",
        "61c0c5a71d1f82001bdaaa78",
        "61c0c5a71d1f82001bdaaa79",
        "61c0c5a71d1f82001bdaaa7a"
    ]
}
HTTP/1.1 200 OK
Server: nginx/1.24.0 (Ubuntu)
Date: Wed, 12 Nov 2025 18:13:49 GMT
Content-Type: application/json; charset=utf-8
Content-Length: 435
Connection: keep-alive
X-Powered-By: Express
Access-Control-Allow-Origin: *
ETag: W/"1b3-/cA9ifoOCj4XSgUSSTUrzgRbexQ"

{
    "success": true,
    "name": "Метеоритный бессмертный био-марсианский space люминесцентный флюоресцентный антарианский фалленианский альфа-сахаридный минеральный краторный астероидный экзо-плантаго spicy традиционный-галактический бургер",
    "order": {
        "number": 2105
    }
}
Delete user response status: 202
Delete user response body: {"success":true,"message":"User successfully removed"}
]]></system-out>
  </testcase>
  <testcase name="createOrderWithoutAuthWithoutIngredients_shouldFailUnauthorized" classname="tests.OrderCreationTest" time="2.139">
    <system-out><![CDATA[Request method:	POST
Request URI:	https://stellarburgers.education-services.ru/api/orders
Proxy:			<none>
Request params:	<none>
Query params:	<none>
Form params:	<none>
Path params:	<none>
Headers:		Authorization=Bearer eyJhbGciOiJIUzI1NiIsInR5cCI6IkpXVCJ9.eyJpZCI6IjY5MTRjZTY4OTg0MjcwMDAxYmRmZTA5NCIsImlhdCI6MTc2Mjk3MTI0MCwiZXhwIjoxNzYyOTcyNDQwfQ.WjeHvAmR-RLC4ThF2eTdqNWi82LawnFJkzHLIpkG5wc
				Accept=*/*
				Content-Type=application/json
Cookies:		<none>
Multiparts:		<none>
Body:
{
    "ingredients": [
        
    ]
}
HTTP/1.1 400 Bad Request
Server: nginx/1.24.0 (Ubuntu)
Date: Wed, 12 Nov 2025 18:14:00 GMT
Content-Type: application/json; charset=utf-8
Content-Length: 61
Connection: keep-alive
X-Powered-By: Express
Access-Control-Allow-Origin: *
ETag: W/"3d-2OjyVsQbcrSKTjJtjBJ5FY7GEPQ"

{
    "success": false,
    "message": "Ingredient ids must be provided"
}
Delete user response status: 202
Delete user response body: {"success":true,"message":"User successfully removed"}
]]></system-out>
  </testcase>
  <testcase name="createOrderWithoutAuthWithIngredients_success" classname="tests.OrderCreationTest" time="5.32">
    <system-out><![CDATA[Request method:	POST
Request URI:	https://stellarburgers.education-services.ru/api/orders
Proxy:			<none>
Request params:	<none>
Query params:	<none>
Form params:	<none>
Path params:	<none>
Headers:		Authorization=Bearer eyJhbGciOiJIUzI1NiIsInR5cCI6IkpXVCJ9.eyJpZCI6IjY5MTRjZTZhOTg0MjcwMDAxYmRmZTA5NiIsImlhdCI6MTc2Mjk3MTI0MiwiZXhwIjoxNzYyOTcyNDQyfQ.KQ7X0JbBrkPgZbWOT9JZ87lLWx9mVfHHjpOa-g7hzqk
				Accept=*/*
				Content-Type=application/json
Cookies:		<none>
Multiparts:		<none>
Body:
{
    "ingredients": [
        "61c0c5a71d1f82001bdaaa6d",
        "61c0c5a71d1f82001bdaaa6f",
        "61c0c5a71d1f82001bdaaa70",
        "61c0c5a71d1f82001bdaaa71",
        "61c0c5a71d1f82001bdaaa72",
        "61c0c5a71d1f82001bdaaa6e",
        "61c0c5a71d1f82001bdaaa73",
        "61c0c5a71d1f82001bdaaa74",
        "61c0c5a71d1f82001bdaaa6c",
        "61c0c5a71d1f82001bdaaa75",
        "61c0c5a71d1f82001bdaaa76",
        "61c0c5a71d1f82001bdaaa77",
        "61c0c5a71d1f82001bdaaa78",
        "61c0c5a71d1f82001bdaaa79",
        "61c0c5a71d1f82001bdaaa7a"
    ]
}
HTTP/1.1 200 OK
Server: nginx/1.24.0 (Ubuntu)
Date: Wed, 12 Nov 2025 18:14:05 GMT
Content-Type: application/json; charset=utf-8
Content-Length: 7064
Connection: keep-alive
X-Powered-By: Express
Access-Control-Allow-Origin: *
ETag: W/"1b98-7Xzv6quKZwZS3B/ceBH6fL9yS7s"

{
    "success": true,
    "name": "Метеоритный бессмертный био-марсианский space люминесцентный флюоресцентный антарианский фалленианский альфа-сахаридный минеральный краторный астероидный экзо-плантаго spicy традиционный-галактический бургер",
    "order": {
        "ingredients": [
            {
                "_id": "61c0c5a71d1f82001bdaaa6d",
                "name": "Флюоресцентная булка R2-D3",
                "type": "bun",
                "proteins": 44,
                "fat": 26,
                "carbohydrates": 85,
                "calories": 643,
                "price": 988,
                "image": "https://code.s3.yandex.net/react/code/bun-01.png",
                "image_mobile": "https://code.s3.yandex.net/react/code/bun-01-mobile.png",
                "image_large": "https://code.s3.yandex.net/react/code/bun-01-large.png",
                "__v": 0
            },
            {
                "_id": "61c0c5a71d1f82001bdaaa6f",
                "name": "Мясо бессмертных моллюсков Protostomia",
                "type": "main",
                "proteins": 433,
                "fat": 244,
                "carbohydrates": 33,
                "calories": 420,
                "price": 1337,
                "image": "https://code.s3.yandex.net/react/code/meat-02.png",
                "image_mobile": "https://code.s3.yandex.net/react/code/meat-02-mobile.png",
                "image_large": "https://code.s3.yandex.net/react/code/meat-02-large.png",
                "__v": 0
            },
            {
                "_id": "61c0c5a71d1f82001bdaaa70",
                "name": "Говяжий метеорит (отбивная)",
                "type": "main",
                "proteins": 800,
                "fat": 800,
                "carbohydrates": 300,
                "calories": 2674,
                "price": 3000,
                "image": "https://code.s3.yandex.net/react/code/meat-04.png",
                "image_mobile": "https://code.s3.yandex.net/react/code/meat-04-mobile.png",
                "image_large": "https://code.s3.yandex.net/react/code/meat-04-large.png",
                "__v": 0
            },
            {
                "_id": "61c0c5a71d1f82001bdaaa71",
                "name": "Биокотлета из марсианской Магнолии",
                "type": "main",
                "proteins": 420,
                "fat": 142,
                "carbohydrates": 242,
                "calories": 4242,
                "price": 424,
                "image": "https://code.s3.yandex.net/react/code/meat-01.png",
                "image_mobile": "https://code.s3.yandex.net/react/code/meat-01-mobile.png",
                "image_large": "https://code.s3.yandex.net/react/code/meat-01-large.png",
                "__v": 0
            },
            {
                "_id": "61c0c5a71d1f82001bdaaa72",
                "name": "Соус Spicy-X",
                "type": "sauce",
                "proteins": 30,
                "fat": 20,
                "carbohydrates": 40,
                "calories": 30,
                "price": 90,
                "image": "https://code.s3.yandex.net/react/code/sauce-02.png",
                "image_mobile": "https://code.s3.yandex.net/react/code/sauce-02-mobile.png",
                "image_large": "https://code.s3.yandex.net/react/code/sauce-02-large.png",
                "__v": 0
            },
            {
                "_id": "61c0c5a71d1f82001bdaaa6e",
                "name": "Филе Люминесцентного тетраодонтимформа",
                "type": "main",
                "proteins": 44,
                "fat": 26,
                "carbohydrates": 85,
                "calories": 643,
                "price": 988,
                "image": "https://code.s3.yandex.net/react/code/meat-03.png",
                "image_mobile": "https://code.s3.yandex.net/react/code/meat-03-mobile.png",
                "image_large": "https://code.s3.yandex.net/react/code/meat-03-large.png",
                "__v": 0
            },
            {
                "_id": "61c0c5a71d1f82001bdaaa73",
                "name": "Соус фирменный Space Sauce",
                "type": "sauce",
                "proteins": 50,
                "fat": 22,
                "carbohydrates": 11,
                "calories": 14,
                "price": 80,
                "image": "https://code.s3.yandex.net/react/code/sauce-04.png",
                "image_mobile": "https://code.s3.yandex.net/react/code/sauce-04-mobile.png",
                "image_large": "https://code.s3.yandex.net/react/code/sauce-04-large.png",
                "__v": 0
            },
            {
                "_id": "61c0c5a71d1f82001bdaaa74",
                "name": "Соус традиционный галактический",
                "type": "sauce",
                "proteins": 42,
                "fat": 24,
                "carbohydrates": 42,
                "calories": 99,
                "price": 15,
                "image": "https://code.s3.yandex.net/react/code/sauce-03.png",
                "image_mobile": "https://code.s3.yandex.net/react/code/sauce-03-mobile.png",
                "image_large": "https://code.s3.yandex.net/react/code/sauce-03-large.png",
                "__v": 0
            },
            {
                "_id": "61c0c5a71d1f82001bdaaa6c",
                "name": "Краторная булка N-200i",
                "type": "bun",
                "proteins": 80,
                "fat": 24,
                "carbohydrates": 53,
                "calories": 420,
                "price": 1255,
                "image": "https://code.s3.yandex.net/react/code/bun-02.png",
                "image_mobile": "https://code.s3.yandex.net/react/code/bun-02-mobile.png",
                "image_large": "https://code.s3.yandex.net/react/code/bun-02-large.png",
                "__v": 0
            },
            {
                "_id": "61c0c5a71d1f82001bdaaa75",
                "name": "Соус с шипами Антарианского плоскоходца",
                "type": "sauce",
                "proteins": 101,
                "fat": 99,
                "carbohydrates": 100,
                "calories": 100,
                "price": 88,
                "image": "https://code.s3.yandex.net/react/code/sauce-01.png",
                "image_mobile": "https://code.s3.yandex.net/react/code/sauce-01-mobile.png",
                "image_large": "https://code.s3.yandex.net/react/code/sauce-01-large.png",
                "__v": 0
            },
            {
                "_id": "61c0c5a71d1f82001bdaaa76",
                "name": "Хрустящие минеральные кольца",
                "type": "main",
                "proteins": 808,
                "fat": 689,
                "carbohydrates": 609,
                "calories": 986,
                "price": 300,
                "image": "https://code.s3.yandex.net/react/code/mineral_rings.png",
                "image_mobile": "https://code.s3.yandex.net/react/code/mineral_rings-mobile.png",
                "image_large": "https://code.s3.yandex.net/react/code/mineral_rings-large.png",
                "__v": 0
            },
            {
                "_id": "61c0c5a71d1f82001bdaaa77",
                "name": "Плоды Фалленианского дерева",
                "type": "main",
                "proteins": 20,
                "fat": 5,
                "carbohydrates": 55,
                "calories": 77,
                "price": 874,
                "image": "https://code.s3.yandex.net/react/code/sp_1.png",
                "image_mobile": "https://code.s3.yandex.net/react/code/sp_1-mobile.png",
                "image_large": "https://code.s3.yandex.net/react/code/sp_1-large.png",
                "__v": 0
            },
            {
                "_id": "61c0c5a71d1f82001bdaaa78",
                "name": "Кристаллы марсианских альфа-сахаридов",
                "type": "main",
                "proteins": 234,
                "fat": 432,
                "carbohydrates": 111,
                "calories": 189,
                "price": 762,
                "image": "https://code.s3.yandex.net/react/code/core.png",
                "image_mobile": "https://code.s3.yandex.net/react/code/core-mobile.png",
                "image_large": "https://code.s3.yandex.net/react/code/core-large.png",
                "__v": 0
            },
            {
                "_id": "61c0c5a71d1f82001bdaaa79",
                "name": "Мини-салат Экзо-Плантаго",
                "type": "main",
                "proteins": 1,
                "fat": 2,
                "carbohydrates": 3,
                "calories": 6,
                "price": 4400,
                "image": "https://code.s3.yandex.net/react/code/salad.png",
                "image_mobile": "https://code.s3.yandex.net/react/code/salad-mobile.png",
                "image_large": "https://code.s3.yandex.net/react/code/salad-large.png",
                "__v": 0
            },
            {
                "_id": "61c0c5a71d1f82001bdaaa7a",
                "name": "Сыр с астероидной плесенью",
                "type": "main",
                "proteins": 84,
                "fat": 48,
                "carbohydrates": 420,
                "calories": 3377,
                "price": 4142,
                "image": "https://code.s3.yandex.net/react/code/cheese.png",
                "image_mobile": "https://code.s3.yandex.net/react/code/cheese-mobile.png",
                "image_large": "https://code.s3.yandex.net/react/code/cheese-large.png",
                "__v": 0
            }
        ],
        "_id": "6914ce6a984270001bdfe098",
        "owner": {
            "name": "Rosaria",
            "email": "erasmo.schinner@hotmail.com",
            "createdAt": "2025-11-12T18:14:02.511Z",
            "updatedAt": "2025-11-12T18:14:02.511Z"
        },
        "status": "done",
        "name": "Метеоритный бессмертный био-марсианский space люминесцентный флюоресцентный антарианский фалленианский альфа-сахаридный минеральный краторный астероидный экзо-плантаго spicy традиционный-галактический бургер",
        "createdAt": "2025-11-12T18:14:02.874Z",
        "updatedAt": "2025-11-12T18:14:04.759Z",
        "number": 318903,
        "price": 18743
    }
}
Delete user response status: 202
Delete user response body: {"success":true,"message":"User successfully removed"}
]]></system-out>
  </testcase>
</testsuite>